<?xml version="1.0" encoding="UTF-8"?>
<testsuite xmlns:xsi="http://www.w3.org/2001/XMLSchema-instance" xsi:noNamespaceSchemaLocation="https://maven.apache.org/surefire/maven-surefire-plugin/xsd/surefire-test-report-3.0.xsd" version="3.0" name="TestSuite" time="15.135" tests="11" errors="0" skipped="0" failures="0">
  <properties>
    <property name="gopherProxySet" value="false"/>
    <property name="awt.toolkit" value="sun.lwawt.macosx.LWCToolkit"/>
    <property name="file.encoding.pkg" value="sun.io"/>
    <property name="java.specification.version" value="1.8"/>
    <property name="sun.cpu.isalist" value=""/>
    <property name="sun.jnu.encoding" value="UTF-8"/>
    <property name="java.class.path" value="/Users/ishan/git/APIValidation/target/test-classes:/Users/ishan/git/APIValidation/target/classes:/Users/ishan/.m2/repository/org/testng/testng/7.4.0/testng-7.4.0.jar:/Users/ishan/.m2/repository/com/beust/jcommander/1.78/jcommander-1.78.jar:/Users/ishan/.m2/repository/org/webjars/jquery/3.5.1/jquery-3.5.1.jar:/Users/ishan/.m2/repository/io/rest-assured/rest-assured/4.3.3/rest-assured-4.3.3.jar:/Users/ishan/.m2/repository/org/codehaus/groovy/groovy/3.0.7/groovy-3.0.7.jar:/Users/ishan/.m2/repository/org/codehaus/groovy/groovy-xml/3.0.7/groovy-xml-3.0.7.jar:/Users/ishan/.m2/repository/org/apache/httpcomponents/httpclient/4.5.3/httpclient-4.5.3.jar:/Users/ishan/.m2/repository/org/apache/httpcomponents/httpcore/4.4.6/httpcore-4.4.6.jar:/Users/ishan/.m2/repository/commons-logging/commons-logging/1.2/commons-logging-1.2.jar:/Users/ishan/.m2/repository/commons-codec/commons-codec/1.9/commons-codec-1.9.jar:/Users/ishan/.m2/repository/org/apache/httpcomponents/httpmime/4.5.3/httpmime-4.5.3.jar:/Users/ishan/.m2/repository/org/hamcrest/hamcrest/2.1/hamcrest-2.1.jar:/Users/ishan/.m2/repository/org/ccil/cowan/tagsoup/tagsoup/1.2.1/tagsoup-1.2.1.jar:/Users/ishan/.m2/repository/io/rest-assured/json-path/4.3.3/json-path-4.3.3.jar:/Users/ishan/.m2/repository/org/codehaus/groovy/groovy-json/3.0.7/groovy-json-3.0.7.jar:/Users/ishan/.m2/repository/io/rest-assured/rest-assured-common/4.3.3/rest-assured-common-4.3.3.jar:/Users/ishan/.m2/repository/io/rest-assured/xml-path/4.3.3/xml-path-4.3.3.jar:/Users/ishan/.m2/repository/org/apache/commons/commons-lang3/3.11/commons-lang3-3.11.jar:/Users/ishan/.m2/repository/jakarta/xml/bind/jakarta.xml.bind-api/2.3.3/jakarta.xml.bind-api-2.3.3.jar:/Users/ishan/.m2/repository/jakarta/activation/jakarta.activation-api/1.2.2/jakarta.activation-api-1.2.2.jar:/Users/ishan/.m2/repository/com/sun/xml/bind/jaxb-impl/2.3.3/jaxb-impl-2.3.3.jar:/Users/ishan/.m2/repository/io/qameta/allure/allure-testng/2.13.9/allure-testng-2.13.9.jar:/Users/ishan/.m2/repository/io/qameta/allure/allure-java-commons/2.13.9/allure-java-commons-2.13.9.jar:/Users/ishan/.m2/repository/io/qameta/allure/allure-model/2.13.9/allure-model-2.13.9.jar:/Users/ishan/.m2/repository/org/slf4j/slf4j-api/1.7.30/slf4j-api-1.7.30.jar:/Users/ishan/.m2/repository/com/fasterxml/jackson/core/jackson-databind/2.12.2/jackson-databind-2.12.2.jar:/Users/ishan/.m2/repository/com/fasterxml/jackson/core/jackson-annotations/2.12.2/jackson-annotations-2.12.2.jar:/Users/ishan/.m2/repository/com/fasterxml/jackson/core/jackson-core/2.12.2/jackson-core-2.12.2.jar:/Users/ishan/.m2/repository/org/apache/tika/tika-core/1.25/tika-core-1.25.jar:/Users/ishan/.m2/repository/org/jooq/joor-java-8/0.9.13/joor-java-8-0.9.13.jar:/Users/ishan/.m2/repository/io/qameta/allure/allure-test-filter/2.13.9/allure-test-filter-2.13.9.jar:"/>
    <property name="java.vm.vendor" value="Oracle Corporation"/>
    <property name="sun.arch.data.model" value="64"/>
    <property name="java.vendor.url" value="http://java.oracle.com/"/>
    <property name="user.timezone" value="Asia/Kolkata"/>
    <property name="user.country.format" value="IN"/>
    <property name="java.vm.specification.version" value="1.8"/>
    <property name="os.name" value="Mac OS X"/>
    <property name="user.country" value="US"/>
    <property name="sun.java.launcher" value="SUN_STANDARD"/>
    <property name="sun.boot.library.path" value="/Library/Java/JavaVirtualMachines/jdk1.8.0_112.jdk/Contents/Home/jre/lib"/>
    <property name="sun.java.command" value="/Users/ishan/git/APIValidation/target/surefire/surefirebooter9204643222583937592.jar /Users/ishan/git/APIValidation/target/surefire 2021-04-19T16-12-52_318-jvmRun1 surefire2750106494124720834tmp surefire_02711916473816607426tmp"/>
    <property name="http.nonProxyHosts" value="local|*.local|169.254/16|*.169.254/16"/>
    <property name="surefire.test.class.path" value="/Users/ishan/git/APIValidation/target/test-classes:/Users/ishan/git/APIValidation/target/classes:/Users/ishan/.m2/repository/org/testng/testng/7.4.0/testng-7.4.0.jar:/Users/ishan/.m2/repository/com/beust/jcommander/1.78/jcommander-1.78.jar:/Users/ishan/.m2/repository/org/webjars/jquery/3.5.1/jquery-3.5.1.jar:/Users/ishan/.m2/repository/io/rest-assured/rest-assured/4.3.3/rest-assured-4.3.3.jar:/Users/ishan/.m2/repository/org/codehaus/groovy/groovy/3.0.7/groovy-3.0.7.jar:/Users/ishan/.m2/repository/org/codehaus/groovy/groovy-xml/3.0.7/groovy-xml-3.0.7.jar:/Users/ishan/.m2/repository/org/apache/httpcomponents/httpclient/4.5.3/httpclient-4.5.3.jar:/Users/ishan/.m2/repository/org/apache/httpcomponents/httpcore/4.4.6/httpcore-4.4.6.jar:/Users/ishan/.m2/repository/commons-logging/commons-logging/1.2/commons-logging-1.2.jar:/Users/ishan/.m2/repository/commons-codec/commons-codec/1.9/commons-codec-1.9.jar:/Users/ishan/.m2/repository/org/apache/httpcomponents/httpmime/4.5.3/httpmime-4.5.3.jar:/Users/ishan/.m2/repository/org/hamcrest/hamcrest/2.1/hamcrest-2.1.jar:/Users/ishan/.m2/repository/org/ccil/cowan/tagsoup/tagsoup/1.2.1/tagsoup-1.2.1.jar:/Users/ishan/.m2/repository/io/rest-assured/json-path/4.3.3/json-path-4.3.3.jar:/Users/ishan/.m2/repository/org/codehaus/groovy/groovy-json/3.0.7/groovy-json-3.0.7.jar:/Users/ishan/.m2/repository/io/rest-assured/rest-assured-common/4.3.3/rest-assured-common-4.3.3.jar:/Users/ishan/.m2/repository/io/rest-assured/xml-path/4.3.3/xml-path-4.3.3.jar:/Users/ishan/.m2/repository/org/apache/commons/commons-lang3/3.11/commons-lang3-3.11.jar:/Users/ishan/.m2/repository/jakarta/xml/bind/jakarta.xml.bind-api/2.3.3/jakarta.xml.bind-api-2.3.3.jar:/Users/ishan/.m2/repository/jakarta/activation/jakarta.activation-api/1.2.2/jakarta.activation-api-1.2.2.jar:/Users/ishan/.m2/repository/com/sun/xml/bind/jaxb-impl/2.3.3/jaxb-impl-2.3.3.jar:/Users/ishan/.m2/repository/io/qameta/allure/allure-testng/2.13.9/allure-testng-2.13.9.jar:/Users/ishan/.m2/repository/io/qameta/allure/allure-java-commons/2.13.9/allure-java-commons-2.13.9.jar:/Users/ishan/.m2/repository/io/qameta/allure/allure-model/2.13.9/allure-model-2.13.9.jar:/Users/ishan/.m2/repository/org/slf4j/slf4j-api/1.7.30/slf4j-api-1.7.30.jar:/Users/ishan/.m2/repository/com/fasterxml/jackson/core/jackson-databind/2.12.2/jackson-databind-2.12.2.jar:/Users/ishan/.m2/repository/com/fasterxml/jackson/core/jackson-annotations/2.12.2/jackson-annotations-2.12.2.jar:/Users/ishan/.m2/repository/com/fasterxml/jackson/core/jackson-core/2.12.2/jackson-core-2.12.2.jar:/Users/ishan/.m2/repository/org/apache/tika/tika-core/1.25/tika-core-1.25.jar:/Users/ishan/.m2/repository/org/jooq/joor-java-8/0.9.13/joor-java-8-0.9.13.jar:/Users/ishan/.m2/repository/io/qameta/allure/allure-test-filter/2.13.9/allure-test-filter-2.13.9.jar:"/>
    <property name="sun.cpu.endian" value="little"/>
    <property name="user.home" value="/Users/ishan"/>
    <property name="user.language" value="en"/>
    <property name="java.specification.vendor" value="Oracle Corporation"/>
    <property name="java.home" value="/Library/Java/JavaVirtualMachines/jdk1.8.0_112.jdk/Contents/Home/jre"/>
    <property name="basedir" value="/Users/ishan/git/APIValidation"/>
    <property name="file.separator" value="/"/>
    <property name="line.separator" value="&#10;"/>
    <property name="java.vm.specification.vendor" value="Oracle Corporation"/>
    <property name="java.specification.name" value="Java Platform API Specification"/>
    <property name="java.awt.graphicsenv" value="sun.awt.CGraphicsEnvironment"/>
    <property name="surefire.real.class.path" value="/Users/ishan/git/APIValidation/target/surefire/surefirebooter9204643222583937592.jar:/Users/ishan/.m2/repository/org/aspectj/aspectjweaver/1.8.10/aspectjweaver-1.8.10.jar"/>
    <property name="sun.boot.class.path" value="/Library/Java/JavaVirtualMachines/jdk1.8.0_112.jdk/Contents/Home/jre/lib/resources.jar:/Library/Java/JavaVirtualMachines/jdk1.8.0_112.jdk/Contents/Home/jre/lib/rt.jar:/Library/Java/JavaVirtualMachines/jdk1.8.0_112.jdk/Contents/Home/jre/lib/sunrsasign.jar:/Library/Java/JavaVirtualMachines/jdk1.8.0_112.jdk/Contents/Home/jre/lib/jsse.jar:/Library/Java/JavaVirtualMachines/jdk1.8.0_112.jdk/Contents/Home/jre/lib/jce.jar:/Library/Java/JavaVirtualMachines/jdk1.8.0_112.jdk/Contents/Home/jre/lib/charsets.jar:/Library/Java/JavaVirtualMachines/jdk1.8.0_112.jdk/Contents/Home/jre/lib/jfr.jar:/Library/Java/JavaVirtualMachines/jdk1.8.0_112.jdk/Contents/Home/jre/classes"/>
    <property name="sun.management.compiler" value="HotSpot 64-Bit Tiered Compilers"/>
    <property name="ftp.nonProxyHosts" value="local|*.local|169.254/16|*.169.254/16"/>
    <property name="java.runtime.version" value="1.8.0_112-b16"/>
    <property name="user.name" value="ishan"/>
    <property name="path.separator" value=":"/>
    <property name="os.version" value="10.15"/>
    <property name="java.endorsed.dirs" value="/Library/Java/JavaVirtualMachines/jdk1.8.0_112.jdk/Contents/Home/jre/lib/endorsed"/>
    <property name="java.runtime.name" value="Java(TM) SE Runtime Environment"/>
    <property name="file.encoding" value="US-ASCII"/>
    <property name="java.vm.name" value="Java HotSpot(TM) 64-Bit Server VM"/>
    <property name="localRepository" value="/Users/ishan/.m2/repository"/>
    <property name="java.vendor.url.bug" value="http://bugreport.sun.com/bugreport/"/>
    <property name="java.io.tmpdir" value="/var/folders/cq/d2m2m6h91ms7csjcg96bllrw0000gn/T/"/>
    <property name="java.version" value="1.8.0_112"/>
    <property name="user.dir" value="/Users/ishan/git/APIValidation"/>
    <property name="os.arch" value="x86_64"/>
    <property name="java.vm.specification.name" value="Java Virtual Machine Specification"/>
    <property name="java.awt.printerjob" value="sun.lwawt.macosx.CPrinterJob"/>
    <property name="sun.os.patch.level" value="unknown"/>
    <property name="java.library.path" value="/Users/ishan/Library/Java/Extensions:/Library/Java/Extensions:/Network/Library/Java/Extensions:/System/Library/Java/Extensions:/usr/lib/java:."/>
    <property name="java.vm.info" value="mixed mode"/>
    <property name="java.vendor" value="Oracle Corporation"/>
    <property name="java.vm.version" value="25.112-b16"/>
    <property name="java.ext.dirs" value="/Users/ishan/Library/Java/Extensions:/Library/Java/JavaVirtualMachines/jdk1.8.0_112.jdk/Contents/Home/jre/lib/ext:/Library/Java/Extensions:/Network/Library/Java/Extensions:/System/Library/Java/Extensions:/usr/lib/java"/>
    <property name="sun.io.unicode.encoding" value="UnicodeBig"/>
    <property name="java.class.version" value="52.0"/>
    <property name="socksNonProxyHosts" value="local|*.local|169.254/16|*.169.254/16"/>
  </properties>
  <testcase name="testCodeForInvalidKey" classname="api.tests.PromotionsTests" time="0.14">
    <system-err><![CDATA[SLF4J: Failed to load class "org.slf4j.impl.StaticLoggerBinder".
SLF4J: Defaulting to no-operation (NOP) logger implementation
SLF4J: See http://www.slf4j.org/codes.html#StaticLoggerBinder for further details.
]]></system-err>
  </testcase>
  <testcase name="testJSONBooleanValues" classname="api.tests.PromotionsTests" time="0.006"/>
  <testcase name="testJSONKeyPromotions" classname="api.tests.PromotionsTests" time="0.256"/>
  <testcase name="testJSONKeys" classname="api.tests.PromotionsTests" time="0.003"/>
  <testcase name="testLocalizedTextsKey" classname="api.tests.PromotionsTests" time="0.01"/>
  <testcase name="testMessageForInvalidKey" classname="api.tests.PromotionsTests" time="0.027"/>
  <testcase name="testProgramTypeValue" classname="api.tests.PromotionsTests" time="0.007"/>
  <testcase name="testPromotionIdValueInstance" classname="api.tests.PromotionsTests" time="0.005"/>
  <testcase name="testRequestIDNotNull" classname="api.tests.PromotionsTests" time="0.028"/>
  <testcase name="testResponseStatusCodeWithInvalidKey" classname="api.tests.PromotionsTests" time="0.003"/>
  <testcase name="testValidResponseStatusCode" classname="api.tests.PromotionsTests" time="0.003"/>
</testsuite>