<?xml version="1.0" encoding="UTF-8"?>
<!-- Generated by org.testng.reporters.JUnitReportReporter -->
<testsuite skipped="0" hostname="i-system-2.local" name="api.tests.PromotionsTests" tests="11" failures="0" timestamp="2021-04-19T16:13:10 IST" time="0.487" errors="0">
  <testcase name="testValidResponseStatusCode" time="0.002" classname="api.tests.PromotionsTests"/>
  <system-out/>
  <testcase name="testJSONKeyPromotions" time="0.255" classname="api.tests.PromotionsTests"/>
  <system-out/>
  <testcase name="testJSONKeys" time="0.003" classname="api.tests.PromotionsTests"/>
  <system-out/>
  <testcase name="testJSONBooleanValues" time="0.006" classname="api.tests.PromotionsTests"/>
  <system-out/>
  <testcase name="testLocalizedTextsKey" time="0.010" classname="api.tests.PromotionsTests"/>
  <system-out/>
  <testcase name="testPromotionIdValueInstance" time="0.005" classname="api.tests.PromotionsTests"/>
  <system-out/>
  <testcase name="testProgramTypeValue" time="0.008" classname="api.tests.PromotionsTests"/>
  <system-out/>
  <testcase name="testResponseStatusCodeWithInvalidKey" time="0.004" classname="api.tests.PromotionsTests"/>
  <system-out/>
  <testcase name="testCodeForInvalidKey" time="0.138" classname="api.tests.PromotionsTests"/>
  <system-out/>
  <testcase name="testMessageForInvalidKey" time="0.028" classname="api.tests.PromotionsTests"/>
  <system-out/>
  <testcase name="testRequestIDNotNull" time="0.028" classname="api.tests.PromotionsTests"/>
  <system-out/>
</testsuite> <!-- api.tests.PromotionsTests -->
